2024-09-05T16:12:28.403+09:00  INFO 14696 --- [NewSpringBootApp] [restartedMain] com.basic.myspringboot.Application       : Starting Application using Java 17 with PID 14696 (C:\SpringBoot_Basic\MySpringBoot3.2\target\classes started by vega2 in C:\SpringBoot_Basic\MySpringBoot3.2)
2024-09-05T16:12:28.410+09:00 DEBUG 14696 --- [NewSpringBootApp] [restartedMain] com.basic.myspringboot.Application       : Running with Spring Boot v3.2.9, Spring v6.1.12
2024-09-05T16:12:28.412+09:00  INFO 14696 --- [NewSpringBootApp] [restartedMain] com.basic.myspringboot.Application       : The following 1 profile is active: "test"
2024-09-05T16:12:28.584+09:00  INFO 14696 --- [NewSpringBootApp] [restartedMain] .e.DevToolsPropertyDefaultsPostProcessor : Devtools property defaults active! Set 'spring.devtools.add-properties' to 'false' to disable
2024-09-05T16:12:28.586+09:00  INFO 14696 --- [NewSpringBootApp] [restartedMain] .e.DevToolsPropertyDefaultsPostProcessor : For additional web related logging consider setting the 'logging.level.web' property to 'DEBUG'
2024-09-05T16:12:32.349+09:00  INFO 14696 --- [NewSpringBootApp] [restartedMain] .s.d.r.c.RepositoryConfigurationDelegate : Bootstrapping Spring Data JPA repositories in DEFAULT mode.
2024-09-05T16:12:32.405+09:00  INFO 14696 --- [NewSpringBootApp] [restartedMain] .s.d.r.c.RepositoryConfigurationDelegate : Finished Spring Data repository scanning in 37 ms. Found 0 JPA repository interfaces.
2024-09-05T16:12:36.395+09:00  INFO 14696 --- [NewSpringBootApp] [restartedMain] o.s.b.w.embedded.tomcat.TomcatWebServer  : Tomcat initialized with port 8080 (http)
2024-09-05T16:12:36.429+09:00  INFO 14696 --- [NewSpringBootApp] [restartedMain] o.apache.catalina.core.StandardService   : Starting service [Tomcat]
2024-09-05T16:12:36.430+09:00  INFO 14696 --- [NewSpringBootApp] [restartedMain] o.apache.catalina.core.StandardEngine    : Starting Servlet engine: [Apache Tomcat/10.1.28]
2024-09-05T16:12:36.613+09:00  INFO 14696 --- [NewSpringBootApp] [restartedMain] o.a.c.c.C.[Tomcat].[localhost].[/]       : Initializing Spring embedded WebApplicationContext
2024-09-05T16:12:36.616+09:00  INFO 14696 --- [NewSpringBootApp] [restartedMain] w.s.c.ServletWebServerApplicationContext : Root WebApplicationContext: initialization completed in 8027 ms
2024-09-05T16:12:38.255+09:00  INFO 14696 --- [NewSpringBootApp] [restartedMain] com.zaxxer.hikari.HikariDataSource       : HikariPool-1 - Starting...
2024-09-05T16:12:39.247+09:00  INFO 14696 --- [NewSpringBootApp] [restartedMain] com.zaxxer.hikari.pool.HikariPool        : HikariPool-1 - Added connection conn0: url=jdbc:h2:mem:d7cb69d5-7d98-4533-8ff5-36570aa7dc16 user=SA
2024-09-05T16:12:39.251+09:00  INFO 14696 --- [NewSpringBootApp] [restartedMain] com.zaxxer.hikari.HikariDataSource       : HikariPool-1 - Start completed.
2024-09-05T16:12:39.287+09:00  INFO 14696 --- [NewSpringBootApp] [restartedMain] o.s.b.a.h2.H2ConsoleAutoConfiguration    : H2 console available at '/h2-console'. Database available at 'jdbc:h2:mem:d7cb69d5-7d98-4533-8ff5-36570aa7dc16'
2024-09-05T16:12:40.625+09:00  INFO 14696 --- [NewSpringBootApp] [restartedMain] o.hibernate.jpa.internal.util.LogHelper  : HHH000204: Processing PersistenceUnitInfo [name: default]
2024-09-05T16:12:40.959+09:00  INFO 14696 --- [NewSpringBootApp] [restartedMain] org.hibernate.Version                    : HHH000412: Hibernate ORM core version 6.4.10.Final
2024-09-05T16:12:41.195+09:00  INFO 14696 --- [NewSpringBootApp] [restartedMain] o.h.c.internal.RegionFactoryInitiator    : HHH000026: Second-level cache disabled
2024-09-05T16:12:42.428+09:00  INFO 14696 --- [NewSpringBootApp] [restartedMain] o.s.o.j.p.SpringPersistenceUnitInfo      : No LoadTimeWeaver setup: ignoring JPA class transformer
2024-09-05T16:12:44.179+09:00  INFO 14696 --- [NewSpringBootApp] [restartedMain] o.h.e.t.j.p.i.JtaPlatformInitiator       : HHH000489: No JTA platform available (set 'hibernate.transaction.jta.platform' to enable JTA platform integration)
2024-09-05T16:12:44.192+09:00  INFO 14696 --- [NewSpringBootApp] [restartedMain] j.LocalContainerEntityManagerFactoryBean : Initialized JPA EntityManagerFactory for persistence unit 'default'
2024-09-05T16:12:44.817+09:00  WARN 14696 --- [NewSpringBootApp] [restartedMain] JpaBaseConfiguration$JpaWebConfiguration : spring.jpa.open-in-view is enabled by default. Therefore, database queries may be performed during view rendering. Explicitly configure spring.jpa.open-in-view to disable this warning
2024-09-05T16:12:46.540+09:00  WARN 14696 --- [NewSpringBootApp] [restartedMain] ion$DefaultTemplateResolverConfiguration : Cannot find template location: classpath:/templates/ (please add some templates, check your Thymeleaf configuration, or set spring.thymeleaf.check-template-location=false)
2024-09-05T16:12:47.779+09:00  INFO 14696 --- [NewSpringBootApp] [restartedMain] o.s.b.d.a.OptionalLiveReloadServer       : LiveReload server is running on port 35729
2024-09-05T16:12:47.809+09:00  INFO 14696 --- [NewSpringBootApp] [restartedMain] o.s.b.a.e.web.EndpointLinksResolver      : Exposing 1 endpoint(s) beneath base path '/actuator'
2024-09-05T16:12:48.150+09:00  INFO 14696 --- [NewSpringBootApp] [restartedMain] o.s.b.w.embedded.tomcat.TomcatWebServer  : Tomcat started on port 8080 (http) with context path ''
2024-09-05T16:12:48.200+09:00  INFO 14696 --- [NewSpringBootApp] [restartedMain] com.basic.myspringboot.Application       : Started Application in 21.013 seconds (process running for 22.634)
